<?xml version="1.0" encoding="UTF-8"?>
<testng-results skipped="0" failed="0" ignored="0" total="2" passed="2">
  <reporter-output>
  </reporter-output>
  <suite name="PageStand" duration-ms="38897" started-at="2020-06-27T12:00:30Z" finished-at="2020-06-27T12:01:09Z">
    <groups>
    </groups>
    <test name="Login Test" duration-ms="23293" started-at="2020-06-27T12:00:30Z" finished-at="2020-06-27T12:00:53Z">
      <class name="rough.LoginTest">
        <test-method status="PASS" signature="loginTest(java.util.Hashtable)[pri:0, instance:rough.LoginTest@41dd05a]" name="loginTest" duration-ms="22938" started-at="2020-06-27T22:00:30Z" data-provider="dp" finished-at="2020-06-27T22:00:53Z">
          <params>
            <param index="0">
              <value>
                <![CDATA[{password=HiThere1234, runmode=Y, username=palgill8839@gmail.com}]]>
              </value>
            </param>
          </params>
          <reporter-output>
          </reporter-output>
        </test-method> <!-- loginTest -->
      </class> <!-- rough.LoginTest -->
    </test> <!-- Login Test -->
    <test name="CRM Test" duration-ms="15587" started-at="2020-06-27T12:00:53Z" finished-at="2020-06-27T12:01:09Z">
      <class name="rough.CreateAccountTest">
        <test-method status="PASS" signature="createAccountTest(java.util.Hashtable)[pri:0, instance:rough.CreateAccountTest@4af0df05]" name="createAccountTest" duration-ms="15497" started-at="2020-06-27T22:00:53Z" data-provider="dp" finished-at="2020-06-27T22:01:09Z">
          <params>
            <param index="0">
              <value>
                <![CDATA[{accountname=Raman}]]>
              </value>
            </param>
          </params>
          <reporter-output>
          </reporter-output>
        </test-method> <!-- createAccountTest -->
      </class> <!-- rough.CreateAccountTest -->
    </test> <!-- CRM Test -->
  </suite> <!-- PageStand -->
</testng-results>
